[2025-09-16 21:37:25,072:INFO:main:Logging is Implemented]
[2025-09-17 21:56:58,404:INFO:common:yaml file: config\config.yaml loaded successfully]
[2025-09-17 21:56:58,411:INFO:common:yaml file: params.yaml loaded successfully]
[2025-09-17 21:57:28,237:INFO:common:yaml file: config\config.yaml loaded successfully]
[2025-09-17 21:57:48,318:INFO:common:yaml file: config\config.yaml loaded successfully]
[2025-09-17 21:57:48,339:INFO:common:yaml file: params.yaml loaded successfully]
[2025-09-17 21:57:48,346:INFO:common:created directory at: artifacts]
[2025-09-17 21:57:48,351:INFO:common:created directory at: artifacts/data_ingestion]
[2025-09-17 21:57:53,555:INFO:3327954121:File is Downloaded]
[2025-09-17 22:22:36,457:INFO:main:stage Data Ingestion stage initialized]
[2025-09-17 22:22:36,465:ERROR:main:'DataIngestionTrainingPipeline' object has no attribute '__initiate_data_ingestion']
Traceback (most recent call last):
  File "D:\MLOPs\End to end NLP Project with HuggingFace and Transformers\main.py", line 10, in <module>
    data_ingestion_pipeline.__initiate_data_ingestion()
AttributeError: 'DataIngestionTrainingPipeline' object has no attribute '__initiate_data_ingestion'
[2025-09-17 22:22:44,354:INFO:main:stage Data Ingestion stage initialized]
[2025-09-17 22:22:44,354:ERROR:main:'DataIngestionTrainingPipeline' object has no attribute 'initiate_data_ingestion']
Traceback (most recent call last):
  File "D:\MLOPs\End to end NLP Project with HuggingFace and Transformers\main.py", line 10, in <module>
    data_ingestion_pipeline.initiate_data_ingestion()
AttributeError: 'DataIngestionTrainingPipeline' object has no attribute 'initiate_data_ingestion'
[2025-09-17 22:27:55,947:INFO:main:stage Data Ingestion stage initialized]
[2025-09-17 22:27:55,948:INFO:common:yaml file: config\config.yaml loaded successfully]
[2025-09-17 22:27:55,948:INFO:common:yaml file: params.yaml loaded successfully]
[2025-09-17 22:27:55,948:INFO:common:created directory at: artifacts]
[2025-09-17 22:27:55,948:INFO:common:created directory at: artifacts/data_ingestion]
[2025-09-17 22:27:59,748:INFO:data_ingestion:File is Downloaded]
[2025-09-17 22:28:00,844:INFO:main:Stage Data Ingestion stage Completed]
[2025-09-17 23:26:46,707:INFO:common:yaml file: config\config.yaml loaded successfully]
[2025-09-17 23:26:46,779:INFO:common:yaml file: params.yaml loaded successfully]
[2025-09-17 23:26:46,790:INFO:common:created directory at: artifacts]
[2025-09-17 23:26:46,800:INFO:common:created directory at: artifacts/data_transformation]
[2025-09-17 23:30:19,274:INFO:common:yaml file: config\config.yaml loaded successfully]
[2025-09-17 23:30:19,279:INFO:common:yaml file: params.yaml loaded successfully]
[2025-09-17 23:30:19,282:INFO:common:created directory at: artifacts]
[2025-09-17 23:30:19,285:INFO:common:created directory at: artifacts/data_transformation]
[2025-09-17 23:31:05,177:INFO:common:yaml file: config\config.yaml loaded successfully]
[2025-09-17 23:31:05,180:INFO:common:yaml file: params.yaml loaded successfully]
[2025-09-17 23:31:05,182:INFO:common:created directory at: artifacts]
[2025-09-17 23:31:05,185:INFO:common:created directory at: artifacts/data_ingestion]
[2025-09-17 23:31:09,125:INFO:3327954121:File is Downloaded]
[2025-09-17 23:31:14,237:INFO:common:yaml file: config\config.yaml loaded successfully]
[2025-09-17 23:31:14,239:INFO:common:yaml file: params.yaml loaded successfully]
[2025-09-17 23:31:14,241:INFO:common:created directory at: artifacts]
[2025-09-17 23:31:14,242:INFO:common:created directory at: artifacts/data_transformation]
[2025-09-17 23:32:33,965:INFO:common:yaml file: config\config.yaml loaded successfully]
[2025-09-17 23:32:33,969:INFO:common:yaml file: params.yaml loaded successfully]
[2025-09-17 23:32:33,971:INFO:common:created directory at: artifacts]
[2025-09-17 23:32:33,974:INFO:common:created directory at: artifacts/data_transformation]
[2025-09-17 23:34:06,933:INFO:common:yaml file: config\config.yaml loaded successfully]
[2025-09-17 23:34:06,944:INFO:common:yaml file: params.yaml loaded successfully]
[2025-09-17 23:34:06,950:INFO:common:created directory at: artifacts]
[2025-09-17 23:34:06,958:INFO:common:created directory at: artifacts/data_transformation]
[2025-09-18 18:01:16,902:INFO:main:stage Data Ingestion stage initialized]
[2025-09-18 18:01:16,954:INFO:common:yaml file: config\config.yaml loaded successfully]
[2025-09-18 18:01:16,999:INFO:common:yaml file: params.yaml loaded successfully]
[2025-09-18 18:01:17,002:INFO:common:created directory at: artifacts]
[2025-09-18 18:01:17,004:INFO:common:created directory at: artifacts/data_ingestion]
[2025-09-18 18:01:17,005:INFO:data_ingestion:Fille already exist]
[2025-09-18 18:01:17,677:INFO:main:Stage Data Ingestion stage Completed]
[2025-09-18 18:01:17,678:INFO:main:stage Data Transformation stage initialized]
[2025-09-18 18:01:17,690:INFO:common:yaml file: config\config.yaml loaded successfully]
[2025-09-18 18:01:17,693:INFO:common:yaml file: params.yaml loaded successfully]
[2025-09-18 18:01:17,695:INFO:common:created directory at: artifacts]
[2025-09-18 18:01:17,696:ERROR:main:'ConfigurationManager' object has no attribute 'get_data_transformation_config']
Traceback (most recent call last):
  File "D:\MLOPs\End to end NLP Project with HuggingFace and Transformers\main.py", line 21, in <module>
    data_ingestion_pipeline.initiate_data_transformation()
  File "D:\MLOPs\End to end NLP Project with HuggingFace and Transformers\src\textSummarizer\pipeline\stage_2_data_transformation_pipeline.py", line 12, in initiate_data_transformation
    data_transformation_config=config.get_data_transformation_config()
AttributeError: 'ConfigurationManager' object has no attribute 'get_data_transformation_config'
[2025-09-18 18:05:20,975:INFO:main:stage Data Ingestion stage initialized]
[2025-09-18 18:05:20,989:INFO:common:yaml file: config\config.yaml loaded successfully]
[2025-09-18 18:05:20,989:INFO:common:yaml file: params.yaml loaded successfully]
[2025-09-18 18:05:20,991:INFO:common:created directory at: artifacts]
[2025-09-18 18:05:20,991:INFO:common:created directory at: artifacts/data_ingestion]
[2025-09-18 18:05:20,991:INFO:data_ingestion:Fille already exist]
[2025-09-18 18:05:21,172:INFO:main:Stage Data Ingestion stage Completed]
[2025-09-18 18:05:21,173:INFO:main:stage Data Transformation stage initialized]
[2025-09-18 18:05:21,175:INFO:common:yaml file: config\config.yaml loaded successfully]
[2025-09-18 18:05:21,176:INFO:common:yaml file: params.yaml loaded successfully]
[2025-09-18 18:05:21,177:INFO:common:created directory at: artifacts]
[2025-09-18 18:05:21,178:INFO:common:created directory at: artifacts/data_transformation]
[2025-09-18 18:05:21,179:ERROR:main:"'ConfigBox' object has no attribute 'max_input_length'"]
Traceback (most recent call last):
  File "box\box.py", line 503, in box.box.Box.__getitem__
KeyError: 'max_input_length'

The above exception was the direct cause of the following exception:

Traceback (most recent call last):
  File "box\box.py", line 536, in box.box.Box.__getattr__
  File "box\box.py", line 524, in box.box.Box.__getitem__
box.exceptions.BoxKeyError: "'max_input_length'"

During handling of the above exception, another exception occurred:

Traceback (most recent call last):
  File "box\box.py", line 538, in box.box.Box.__getattr__
AttributeError: 'ConfigBox' object has no attribute 'max_input_length'

The above exception was the direct cause of the following exception:

Traceback (most recent call last):
  File "box\config_box.py", line 28, in box.config_box.ConfigBox.__getattr__
  File "box\box.py", line 552, in box.box.Box.__getattr__
box.exceptions.BoxKeyError: "'ConfigBox' object has no attribute 'max_input_length'"

During handling of the above exception, another exception occurred:

Traceback (most recent call last):
  File "box\box.py", line 503, in box.box.Box.__getitem__
KeyError: 'max_input_length'

The above exception was the direct cause of the following exception:

Traceback (most recent call last):
  File "box\box.py", line 536, in box.box.Box.__getattr__
  File "box\box.py", line 524, in box.box.Box.__getitem__
box.exceptions.BoxKeyError: "'max_input_length'"

During handling of the above exception, another exception occurred:

Traceback (most recent call last):
  File "box\box.py", line 538, in box.box.Box.__getattr__
AttributeError: 'ConfigBox' object has no attribute 'max_input_length'

The above exception was the direct cause of the following exception:

Traceback (most recent call last):
  File "D:\MLOPs\End to end NLP Project with HuggingFace and Transformers\main.py", line 21, in <module>
    data_ingestion_pipeline.initiate_data_transformation()
  File "D:\MLOPs\End to end NLP Project with HuggingFace and Transformers\src\textSummarizer\pipeline\stage_2_data_transformation_pipeline.py", line 12, in initiate_data_transformation
    data_transformation_config=config.get_data_transformation_config()
  File "D:\MLOPs\End to end NLP Project with HuggingFace and Transformers\src\textSummarizer\config\configuration.py", line 80, in get_data_transformation_config
    max_input_length=self.params.max_input_length,
  File "box\config_box.py", line 30, in box.config_box.ConfigBox.__getattr__
  File "box\box.py", line 552, in box.box.Box.__getattr__
box.exceptions.BoxKeyError: "'ConfigBox' object has no attribute 'max_input_length'"
[2025-09-18 18:06:03,246:INFO:main:stage Data Ingestion stage initialized]
[2025-09-18 18:06:03,254:INFO:common:yaml file: config\config.yaml loaded successfully]
[2025-09-18 18:06:03,254:INFO:common:yaml file: params.yaml loaded successfully]
[2025-09-18 18:06:03,254:INFO:common:created directory at: artifacts]
[2025-09-18 18:06:03,254:INFO:common:created directory at: artifacts/data_ingestion]
[2025-09-18 18:06:03,254:INFO:data_ingestion:Fille already exist]
[2025-09-18 18:06:03,494:INFO:main:Stage Data Ingestion stage Completed]
[2025-09-18 18:06:03,497:INFO:main:stage Data Transformation stage initialized]
[2025-09-18 18:06:03,500:INFO:common:yaml file: config\config.yaml loaded successfully]
[2025-09-18 18:06:03,500:INFO:common:yaml file: params.yaml loaded successfully]
[2025-09-18 18:06:03,504:INFO:common:created directory at: artifacts]
[2025-09-18 18:06:03,506:INFO:common:created directory at: artifacts/data_transformation]
[2025-09-18 18:06:03,508:ERROR:main:"'ConfigBox' object has no attribute 'max_input_length'"]
Traceback (most recent call last):
  File "box\box.py", line 503, in box.box.Box.__getitem__
KeyError: 'max_input_length'

The above exception was the direct cause of the following exception:

Traceback (most recent call last):
  File "box\box.py", line 536, in box.box.Box.__getattr__
  File "box\box.py", line 524, in box.box.Box.__getitem__
box.exceptions.BoxKeyError: "'max_input_length'"

During handling of the above exception, another exception occurred:

Traceback (most recent call last):
  File "box\box.py", line 538, in box.box.Box.__getattr__
AttributeError: 'ConfigBox' object has no attribute 'max_input_length'

The above exception was the direct cause of the following exception:

Traceback (most recent call last):
  File "box\config_box.py", line 28, in box.config_box.ConfigBox.__getattr__
  File "box\box.py", line 552, in box.box.Box.__getattr__
box.exceptions.BoxKeyError: "'ConfigBox' object has no attribute 'max_input_length'"

During handling of the above exception, another exception occurred:

Traceback (most recent call last):
  File "box\box.py", line 503, in box.box.Box.__getitem__
KeyError: 'max_input_length'

The above exception was the direct cause of the following exception:

Traceback (most recent call last):
  File "box\box.py", line 536, in box.box.Box.__getattr__
  File "box\box.py", line 524, in box.box.Box.__getitem__
box.exceptions.BoxKeyError: "'max_input_length'"

During handling of the above exception, another exception occurred:

Traceback (most recent call last):
  File "box\box.py", line 538, in box.box.Box.__getattr__
AttributeError: 'ConfigBox' object has no attribute 'max_input_length'

The above exception was the direct cause of the following exception:

Traceback (most recent call last):
  File "D:\MLOPs\End to end NLP Project with HuggingFace and Transformers\main.py", line 21, in <module>
    data_ingestion_pipeline.initiate_data_transformation()
  File "D:\MLOPs\End to end NLP Project with HuggingFace and Transformers\src\textSummarizer\pipeline\stage_2_data_transformation_pipeline.py", line 12, in initiate_data_transformation
    data_transformation_config=config.get_data_transformation_config()
  File "D:\MLOPs\End to end NLP Project with HuggingFace and Transformers\src\textSummarizer\config\configuration.py", line 80, in get_data_transformation_config
    max_input_length=self.params.max_input_length,
  File "box\config_box.py", line 30, in box.config_box.ConfigBox.__getattr__
  File "box\box.py", line 552, in box.box.Box.__getattr__
box.exceptions.BoxKeyError: "'ConfigBox' object has no attribute 'max_input_length'"
[2025-09-18 18:06:51,279:INFO:main:stage Data Ingestion stage initialized]
[2025-09-18 18:06:51,279:INFO:common:yaml file: config\config.yaml loaded successfully]
[2025-09-18 18:06:51,304:INFO:common:yaml file: params.yaml loaded successfully]
[2025-09-18 18:06:51,306:INFO:common:created directory at: artifacts]
[2025-09-18 18:06:51,307:INFO:common:created directory at: artifacts/data_ingestion]
[2025-09-18 18:06:51,308:INFO:data_ingestion:Fille already exist]
[2025-09-18 18:06:51,470:INFO:main:Stage Data Ingestion stage Completed]
[2025-09-18 18:06:51,470:INFO:main:stage Data Transformation stage initialized]
[2025-09-18 18:06:51,473:INFO:common:yaml file: config\config.yaml loaded successfully]
[2025-09-18 18:06:51,475:INFO:common:yaml file: params.yaml loaded successfully]
[2025-09-18 18:06:51,475:INFO:common:created directory at: artifacts]
[2025-09-18 18:06:51,476:INFO:common:created directory at: artifacts/data_transformation]
[2025-09-18 18:06:51,476:ERROR:main:'DataTransformationConfig' object is not callable]
Traceback (most recent call last):
  File "D:\MLOPs\End to end NLP Project with HuggingFace and Transformers\main.py", line 21, in <module>
    data_ingestion_pipeline.initiate_data_transformation()
  File "D:\MLOPs\End to end NLP Project with HuggingFace and Transformers\src\textSummarizer\pipeline\stage_2_data_transformation_pipeline.py", line 13, in initiate_data_transformation
    data_transformation=DataTransformation(config=data_transformation_config())
TypeError: 'DataTransformationConfig' object is not callable
[2025-09-18 18:07:56,451:INFO:main:stage Data Ingestion stage initialized]
[2025-09-18 18:07:56,451:INFO:common:yaml file: config\config.yaml loaded successfully]
[2025-09-18 18:07:56,462:INFO:common:yaml file: params.yaml loaded successfully]
[2025-09-18 18:07:56,463:INFO:common:created directory at: artifacts]
[2025-09-18 18:07:56,464:INFO:common:created directory at: artifacts/data_ingestion]
[2025-09-18 18:07:56,464:INFO:data_ingestion:Fille already exist]
[2025-09-18 18:07:56,683:INFO:main:Stage Data Ingestion stage Completed]
[2025-09-18 18:07:56,684:INFO:main:stage Data Transformation stage initialized]
[2025-09-18 18:07:56,685:INFO:common:yaml file: config\config.yaml loaded successfully]
[2025-09-18 18:07:56,692:INFO:common:yaml file: params.yaml loaded successfully]
[2025-09-18 18:07:56,693:INFO:common:created directory at: artifacts]
[2025-09-18 18:07:56,694:INFO:common:created directory at: artifacts/data_transformation]
[2025-09-18 18:08:01,294:ERROR:main:'DataTransformation' object has no attribute 'convert_dataset']
Traceback (most recent call last):
  File "D:\MLOPs\End to end NLP Project with HuggingFace and Transformers\main.py", line 21, in <module>
    data_ingestion_pipeline.initiate_data_transformation()
  File "D:\MLOPs\End to end NLP Project with HuggingFace and Transformers\src\textSummarizer\pipeline\stage_2_data_transformation_pipeline.py", line 14, in initiate_data_transformation
    data_transformation.convert_dataset()
AttributeError: 'DataTransformation' object has no attribute 'convert_dataset'
[2025-09-18 18:10:32,763:INFO:main:stage Data Ingestion stage initialized]
[2025-09-18 18:10:32,763:INFO:common:yaml file: config\config.yaml loaded successfully]
[2025-09-18 18:10:32,770:INFO:common:yaml file: params.yaml loaded successfully]
[2025-09-18 18:10:32,770:INFO:common:created directory at: artifacts]
[2025-09-18 18:10:32,770:INFO:common:created directory at: artifacts/data_ingestion]
[2025-09-18 18:10:32,772:INFO:data_ingestion:Fille already exist]
[2025-09-18 18:10:32,919:INFO:main:Stage Data Ingestion stage Completed]
[2025-09-18 18:10:32,919:INFO:main:stage Data Transformation stage initialized]
[2025-09-18 18:10:32,919:INFO:common:yaml file: config\config.yaml loaded successfully]
[2025-09-18 18:10:32,919:INFO:common:yaml file: params.yaml loaded successfully]
[2025-09-18 18:10:32,919:INFO:common:created directory at: artifacts]
[2025-09-18 18:10:32,919:INFO:common:created directory at: artifacts/data_transformation]
[2025-09-18 18:10:36,154:INFO:data_transformation:Tokenizing dataset... this may take a few minutes.]
[2025-09-18 18:10:47,963:INFO:main:Stage Data Transformation stage Completed]
[2025-09-18 18:12:01,040:INFO:main:stage Data Ingestion stage initialized]
[2025-09-18 18:12:01,044:INFO:common:yaml file: config\config.yaml loaded successfully]
[2025-09-18 18:12:01,046:INFO:common:yaml file: params.yaml loaded successfully]
[2025-09-18 18:12:01,046:INFO:common:created directory at: artifacts]
[2025-09-18 18:12:01,048:INFO:common:created directory at: artifacts/data_ingestion]
[2025-09-18 18:12:01,048:INFO:data_ingestion:Fille already exist]
[2025-09-18 18:12:01,245:INFO:main:Stage Data Ingestion stage Completed]
[2025-09-18 18:12:01,246:INFO:main:stage Data Transformation stage initialized]
[2025-09-18 18:12:01,249:INFO:common:yaml file: config\config.yaml loaded successfully]
[2025-09-18 18:12:01,251:INFO:common:yaml file: params.yaml loaded successfully]
[2025-09-18 18:12:01,252:INFO:common:created directory at: artifacts]
[2025-09-18 18:12:01,253:INFO:common:created directory at: artifacts/data_transformation]
[2025-09-18 18:12:05,509:INFO:data_transformation:Tokenizing dataset... this may take a few minutes.]
[2025-09-18 18:12:06,567:INFO:data_transformation:Tokenized dataset saved successfully at artifacts/data_transformation\samsum_dataset]
[2025-09-18 18:12:06,733:INFO:main:Stage Data Transformation stage Completed]
[2025-09-18 19:32:12,704:INFO:common:yaml file: config\config.yaml loaded successfully]
[2025-09-18 19:32:12,772:INFO:common:yaml file: params.yaml loaded successfully]
[2025-09-18 19:32:12,785:INFO:common:created directory at: artifacts]
[2025-09-18 19:32:12,793:INFO:common:created directory at: artifacts/model_trainer]
[2025-09-18 19:33:38,268:INFO:common:yaml file: config\config.yaml loaded successfully]
[2025-09-18 19:33:38,274:INFO:common:yaml file: params.yaml loaded successfully]
[2025-09-18 19:33:38,278:INFO:common:created directory at: artifacts]
[2025-09-18 19:33:38,280:INFO:common:created directory at: artifacts/model_trainer]
[2025-09-18 19:34:22,144:INFO:common:yaml file: config\config.yaml loaded successfully]
[2025-09-18 19:34:22,148:INFO:common:yaml file: params.yaml loaded successfully]
[2025-09-18 19:34:22,151:INFO:common:created directory at: artifacts]
[2025-09-18 19:34:22,153:INFO:common:created directory at: artifacts/model_trainer]
[2025-09-18 19:39:02,313:INFO:common:yaml file: config\config.yaml loaded successfully]
[2025-09-18 19:39:02,323:INFO:common:yaml file: params.yaml loaded successfully]
[2025-09-18 19:39:02,328:INFO:common:created directory at: artifacts]
[2025-09-18 19:39:02,333:INFO:common:created directory at: artifacts/model_trainer]
[2025-09-18 19:39:39,835:INFO:common:yaml file: config\config.yaml loaded successfully]
[2025-09-18 19:39:39,844:INFO:common:yaml file: params.yaml loaded successfully]
[2025-09-18 19:39:39,850:INFO:common:created directory at: artifacts]
[2025-09-18 19:39:39,852:INFO:common:created directory at: artifacts/model_trainer]
[2025-09-18 19:40:40,095:INFO:common:yaml file: config\config.yaml loaded successfully]
[2025-09-18 19:40:40,111:INFO:common:yaml file: params.yaml loaded successfully]
[2025-09-18 19:40:40,113:INFO:common:created directory at: artifacts]
[2025-09-18 19:40:40,115:INFO:common:created directory at: artifacts/model_trainer]
[2025-09-18 20:33:50,707:INFO:common:yaml file: D:\MLOPs\End to end NLP Project with HuggingFace and Transformers\config\config.yaml loaded successfully]
[2025-09-18 20:33:50,738:INFO:common:yaml file: D:\MLOPs\End to end NLP Project with HuggingFace and Transformers\params.yaml loaded successfully]
[2025-09-18 20:33:50,739:INFO:common:created directory at: artifacts]
[2025-09-18 20:33:52,383:INFO:common:yaml file: D:\MLOPs\End to end NLP Project with HuggingFace and Transformers\config\config.yaml loaded successfully]
[2025-09-18 20:33:52,396:INFO:common:yaml file: D:\MLOPs\End to end NLP Project with HuggingFace and Transformers\params.yaml loaded successfully]
[2025-09-18 20:33:52,402:INFO:common:created directory at: artifacts]
[2025-09-18 20:34:46,210:INFO:common:yaml file: D:\MLOPs\End to end NLP Project with HuggingFace and Transformers\config\config.yaml loaded successfully]
[2025-09-18 20:34:46,223:INFO:common:yaml file: D:\MLOPs\End to end NLP Project with HuggingFace and Transformers\params.yaml loaded successfully]
[2025-09-18 20:34:46,228:INFO:common:created directory at: artifacts]
[2025-09-18 20:37:01,949:INFO:common:yaml file: D:\MLOPs\End to end NLP Project with HuggingFace and Transformers\config\config.yaml loaded successfully]
[2025-09-18 20:37:01,964:INFO:common:yaml file: D:\MLOPs\End to end NLP Project with HuggingFace and Transformers\params.yaml loaded successfully]
[2025-09-18 20:37:01,970:INFO:common:created directory at: artifacts]
[2025-09-18 20:39:05,498:INFO:common:yaml file: D:\MLOPs\End to end NLP Project with HuggingFace and Transformers\config\config.yaml loaded successfully]
[2025-09-18 20:39:05,539:INFO:common:yaml file: D:\MLOPs\End to end NLP Project with HuggingFace and Transformers\params.yaml loaded successfully]
[2025-09-18 20:39:05,552:INFO:common:created directory at: artifacts]
[2025-09-18 20:39:05,615:INFO:common:yaml file: D:\MLOPs\End to end NLP Project with HuggingFace and Transformers\config\config.yaml loaded successfully]
[2025-09-18 20:39:05,637:INFO:common:yaml file: D:\MLOPs\End to end NLP Project with HuggingFace and Transformers\params.yaml loaded successfully]
[2025-09-18 20:39:05,642:INFO:common:created directory at: artifacts]
[2025-09-18 20:45:32,291:INFO:common:yaml file: D:\MLOPs\End to end NLP Project with HuggingFace and Transformers\config\config.yaml loaded successfully]
[2025-09-18 20:45:32,317:INFO:common:yaml file: D:\MLOPs\End to end NLP Project with HuggingFace and Transformers\params.yaml loaded successfully]
[2025-09-18 20:45:32,329:INFO:common:created directory at: artifacts]
[2025-09-18 20:45:32,371:INFO:common:yaml file: D:\MLOPs\End to end NLP Project with HuggingFace and Transformers\config\config.yaml loaded successfully]
[2025-09-18 20:45:32,391:INFO:common:yaml file: D:\MLOPs\End to end NLP Project with HuggingFace and Transformers\params.yaml loaded successfully]
[2025-09-18 20:45:32,396:INFO:common:created directory at: artifacts]
[2025-09-18 20:48:21,379:INFO:common:yaml file: D:\MLOPs\End to end NLP Project with HuggingFace and Transformers\config\config.yaml loaded successfully]
[2025-09-18 20:48:21,384:INFO:common:yaml file: D:\MLOPs\End to end NLP Project with HuggingFace and Transformers\params.yaml loaded successfully]
[2025-09-18 20:48:21,384:INFO:common:created directory at: artifacts]
[2025-09-18 20:48:21,413:INFO:common:yaml file: D:\MLOPs\End to end NLP Project with HuggingFace and Transformers\config\config.yaml loaded successfully]
[2025-09-18 20:48:21,417:INFO:common:yaml file: D:\MLOPs\End to end NLP Project with HuggingFace and Transformers\params.yaml loaded successfully]
[2025-09-18 20:48:21,422:INFO:common:created directory at: artifacts]
[2025-09-18 20:49:58,997:INFO:common:yaml file: D:\MLOPs\End to end NLP Project with HuggingFace and Transformers\config\config.yaml loaded successfully]
[2025-09-18 20:49:59,008:INFO:common:yaml file: D:\MLOPs\End to end NLP Project with HuggingFace and Transformers\params.yaml loaded successfully]
[2025-09-18 20:49:59,012:INFO:common:created directory at: artifacts]
[2025-09-18 20:49:59,420:INFO:common:yaml file: D:\MLOPs\End to end NLP Project with HuggingFace and Transformers\config\config.yaml loaded successfully]
[2025-09-18 20:49:59,434:INFO:common:yaml file: D:\MLOPs\End to end NLP Project with HuggingFace and Transformers\params.yaml loaded successfully]
[2025-09-18 20:49:59,438:INFO:common:created directory at: artifacts]
[2025-09-18 20:52:33,077:INFO:common:yaml file: D:\MLOPs\End to end NLP Project with HuggingFace and Transformers\config\config.yaml loaded successfully]
[2025-09-18 20:52:33,083:INFO:common:yaml file: D:\MLOPs\End to end NLP Project with HuggingFace and Transformers\params.yaml loaded successfully]
[2025-09-18 20:52:33,086:INFO:common:created directory at: artifacts]
[2025-09-18 20:52:33,116:INFO:common:yaml file: D:\MLOPs\End to end NLP Project with HuggingFace and Transformers\config\config.yaml loaded successfully]
[2025-09-18 20:52:33,123:INFO:common:yaml file: D:\MLOPs\End to end NLP Project with HuggingFace and Transformers\params.yaml loaded successfully]
[2025-09-18 20:52:33,125:INFO:common:created directory at: artifacts]
[2025-09-18 20:53:05,346:INFO:common:yaml file: D:\MLOPs\End to end NLP Project with HuggingFace and Transformers\config\config.yaml loaded successfully]
[2025-09-18 20:53:05,362:INFO:common:yaml file: D:\MLOPs\End to end NLP Project with HuggingFace and Transformers\params.yaml loaded successfully]
[2025-09-18 20:53:05,369:INFO:common:created directory at: artifacts]
[2025-09-18 20:53:17,740:INFO:common:yaml file: D:\MLOPs\End to end NLP Project with HuggingFace and Transformers\config\config.yaml loaded successfully]
[2025-09-18 20:53:17,748:INFO:common:yaml file: D:\MLOPs\End to end NLP Project with HuggingFace and Transformers\params.yaml loaded successfully]
[2025-09-18 20:53:17,752:INFO:common:created directory at: artifacts]
[2025-09-18 20:53:37,529:INFO:common:yaml file: D:\MLOPs\End to end NLP Project with HuggingFace and Transformers\config\config.yaml loaded successfully]
[2025-09-18 20:53:37,538:INFO:common:yaml file: D:\MLOPs\End to end NLP Project with HuggingFace and Transformers\params.yaml loaded successfully]
[2025-09-18 20:53:37,541:INFO:common:created directory at: artifacts]
[2025-09-18 20:54:36,453:INFO:common:yaml file: D:\MLOPs\End to end NLP Project with HuggingFace and Transformers\config\config.yaml loaded successfully]
[2025-09-18 20:54:36,460:INFO:common:yaml file: D:\MLOPs\End to end NLP Project with HuggingFace and Transformers\params.yaml loaded successfully]
[2025-09-18 20:54:36,463:INFO:common:created directory at: artifacts]
[2025-09-18 20:55:49,495:INFO:common:yaml file: D:\MLOPs\End to end NLP Project with HuggingFace and Transformers\config\config.yaml loaded successfully]
[2025-09-18 20:55:49,509:INFO:common:yaml file: D:\MLOPs\End to end NLP Project with HuggingFace and Transformers\params.yaml loaded successfully]
[2025-09-18 20:55:49,514:INFO:common:created directory at: artifacts]
[2025-09-18 20:57:03,891:INFO:common:yaml file: D:\MLOPs\End to end NLP Project with HuggingFace and Transformers\config\config.yaml loaded successfully]
[2025-09-18 20:57:03,905:INFO:common:yaml file: D:\MLOPs\End to end NLP Project with HuggingFace and Transformers\params.yaml loaded successfully]
[2025-09-18 20:57:03,910:INFO:common:created directory at: artifacts]
[2025-09-18 20:57:55,604:INFO:common:yaml file: D:\MLOPs\End to end NLP Project with HuggingFace and Transformers\config\config.yaml loaded successfully]
[2025-09-18 20:57:55,614:INFO:common:yaml file: D:\MLOPs\End to end NLP Project with HuggingFace and Transformers\params.yaml loaded successfully]
[2025-09-18 20:57:55,618:INFO:common:created directory at: artifacts]
[2025-09-18 21:08:17,321:INFO:common:yaml file: D:\MLOPs\End to end NLP Project with HuggingFace and Transformers\config\config.yaml loaded successfully]
[2025-09-18 21:08:17,328:INFO:common:yaml file: D:\MLOPs\End to end NLP Project with HuggingFace and Transformers\params.yaml loaded successfully]
[2025-09-18 21:08:17,330:INFO:common:created directory at: artifacts]
[2025-09-18 21:09:42,233:INFO:common:yaml file: D:\MLOPs\End to end NLP Project with HuggingFace and Transformers\config\config.yaml loaded successfully]
[2025-09-18 21:09:42,246:INFO:common:yaml file: D:\MLOPs\End to end NLP Project with HuggingFace and Transformers\params.yaml loaded successfully]
[2025-09-18 21:09:42,263:INFO:common:created directory at: artifacts]
[2025-09-18 21:11:40,402:INFO:common:yaml file: D:\MLOPs\End to end NLP Project with HuggingFace and Transformers\config\config.yaml loaded successfully]
[2025-09-18 21:11:40,409:INFO:common:yaml file: D:\MLOPs\End to end NLP Project with HuggingFace and Transformers\params.yaml loaded successfully]
[2025-09-18 21:11:40,411:INFO:common:created directory at: artifacts]
[2025-09-18 21:11:40,451:INFO:common:yaml file: D:\MLOPs\End to end NLP Project with HuggingFace and Transformers\config\config.yaml loaded successfully]
[2025-09-18 21:11:40,458:INFO:common:yaml file: D:\MLOPs\End to end NLP Project with HuggingFace and Transformers\params.yaml loaded successfully]
[2025-09-18 21:11:40,460:INFO:common:created directory at: artifacts]
[2025-09-18 21:30:51,083:INFO:common:yaml file: D:\MLOPs\End to end NLP Project with HuggingFace and Transformers\config\config.yaml loaded successfully]
[2025-09-18 21:30:51,109:INFO:common:yaml file: D:\MLOPs\End to end NLP Project with HuggingFace and Transformers\params.yaml loaded successfully]
[2025-09-18 21:30:51,112:INFO:common:created directory at: artifacts]
[2025-09-18 21:35:03,223:INFO:common:yaml file: D:\MLOPs\End to end NLP Project with HuggingFace and Transformers\config\config.yaml loaded successfully]
[2025-09-18 21:35:03,239:INFO:common:yaml file: D:\MLOPs\End to end NLP Project with HuggingFace and Transformers\params.yaml loaded successfully]
[2025-09-18 21:35:03,247:INFO:common:created directory at: artifacts]
[2025-09-18 21:35:03,356:INFO:common:yaml file: D:\MLOPs\End to end NLP Project with HuggingFace and Transformers\config\config.yaml loaded successfully]
[2025-09-18 21:35:03,369:INFO:common:yaml file: D:\MLOPs\End to end NLP Project with HuggingFace and Transformers\params.yaml loaded successfully]
[2025-09-18 21:35:03,374:INFO:common:created directory at: artifacts]
[2025-09-18 21:35:03,379:INFO:common:created directory at: artifacts\model_trainer]
[2025-09-18 21:36:26,006:INFO:common:yaml file: D:\MLOPs\End to end NLP Project with HuggingFace and Transformers\config\config.yaml loaded successfully]
[2025-09-18 21:36:26,016:INFO:common:yaml file: D:\MLOPs\End to end NLP Project with HuggingFace and Transformers\params.yaml loaded successfully]
[2025-09-18 21:36:26,022:INFO:common:created directory at: artifacts]
[2025-09-18 21:36:26,792:INFO:common:yaml file: D:\MLOPs\End to end NLP Project with HuggingFace and Transformers\config\config.yaml loaded successfully]
[2025-09-18 21:36:26,798:INFO:common:yaml file: D:\MLOPs\End to end NLP Project with HuggingFace and Transformers\params.yaml loaded successfully]
[2025-09-18 21:36:26,801:INFO:common:created directory at: artifacts]
[2025-09-18 21:36:26,804:INFO:common:created directory at: artifacts\model_trainer]
[2025-09-18 21:36:54,069:INFO:common:yaml file: D:\MLOPs\End to end NLP Project with HuggingFace and Transformers\config\config.yaml loaded successfully]
[2025-09-18 21:36:54,084:INFO:common:yaml file: D:\MLOPs\End to end NLP Project with HuggingFace and Transformers\params.yaml loaded successfully]
[2025-09-18 21:36:54,091:INFO:common:created directory at: artifacts]
[2025-09-18 21:36:54,231:INFO:common:yaml file: D:\MLOPs\End to end NLP Project with HuggingFace and Transformers\config\config.yaml loaded successfully]
[2025-09-18 21:36:54,245:INFO:common:yaml file: D:\MLOPs\End to end NLP Project with HuggingFace and Transformers\params.yaml loaded successfully]
[2025-09-18 21:36:54,252:INFO:common:created directory at: artifacts]
[2025-09-18 21:36:54,257:INFO:common:created directory at: artifacts\model_trainer]
[2025-09-18 21:38:44,647:INFO:common:yaml file: D:\MLOPs\End to end NLP Project with HuggingFace and Transformers\config\config.yaml loaded successfully]
[2025-09-18 21:38:44,675:INFO:common:yaml file: D:\MLOPs\End to end NLP Project with HuggingFace and Transformers\params.yaml loaded successfully]
[2025-09-18 21:38:44,680:INFO:common:created directory at: artifacts]
[2025-09-18 21:38:44,736:INFO:common:yaml file: D:\MLOPs\End to end NLP Project with HuggingFace and Transformers\config\config.yaml loaded successfully]
[2025-09-18 21:38:44,744:INFO:common:yaml file: D:\MLOPs\End to end NLP Project with HuggingFace and Transformers\params.yaml loaded successfully]
[2025-09-18 21:38:44,747:INFO:common:created directory at: artifacts]
[2025-09-18 21:38:44,750:INFO:common:created directory at: artifacts\model_trainer]
[2025-09-18 21:40:00,738:INFO:common:yaml file: D:\MLOPs\End to end NLP Project with HuggingFace and Transformers\config\config.yaml loaded successfully]
[2025-09-18 21:40:00,744:INFO:common:yaml file: D:\MLOPs\End to end NLP Project with HuggingFace and Transformers\params.yaml loaded successfully]
[2025-09-18 21:40:00,746:INFO:common:created directory at: artifacts]
[2025-09-18 21:40:00,749:INFO:common:created directory at: artifacts\model_trainer]
[2025-09-18 21:41:17,625:INFO:common:yaml file: D:\MLOPs\End to end NLP Project with HuggingFace and Transformers\config\config.yaml loaded successfully]
[2025-09-18 21:41:17,627:INFO:common:yaml file: D:\MLOPs\End to end NLP Project with HuggingFace and Transformers\params.yaml loaded successfully]
[2025-09-18 21:41:17,627:INFO:common:created directory at: artifacts]
[2025-09-18 21:41:17,731:INFO:common:yaml file: D:\MLOPs\End to end NLP Project with HuggingFace and Transformers\config\config.yaml loaded successfully]
[2025-09-18 21:41:17,731:INFO:common:yaml file: D:\MLOPs\End to end NLP Project with HuggingFace and Transformers\params.yaml loaded successfully]
[2025-09-18 21:41:17,731:INFO:common:created directory at: artifacts]
[2025-09-18 21:41:17,744:INFO:common:created directory at: artifacts\model_trainer]
[2025-09-18 21:41:25,236:WARNING:file_download:Xet Storage is enabled for this repo, but the 'hf_xet' package is not installed. Falling back to regular HTTP download. For better performance, install the package with: `pip install huggingface_hub[hf_xet]` or `pip install hf_xet`]
[2025-09-18 21:50:18,887:WARNING:file_download:Xet Storage is enabled for this repo, but the 'hf_xet' package is not installed. Falling back to regular HTTP download. For better performance, install the package with: `pip install huggingface_hub[hf_xet]` or `pip install hf_xet`]
[2025-09-18 21:57:13,174:INFO:common:yaml file: D:\MLOPs\End to end NLP Project with HuggingFace and Transformers\config\config.yaml loaded successfully]
[2025-09-18 21:57:13,291:INFO:common:yaml file: D:\MLOPs\End to end NLP Project with HuggingFace and Transformers\params.yaml loaded successfully]
[2025-09-18 21:57:13,306:INFO:common:created directory at: artifacts]
[2025-09-18 21:57:13,506:INFO:common:yaml file: D:\MLOPs\End to end NLP Project with HuggingFace and Transformers\config\config.yaml loaded successfully]
[2025-09-18 21:57:13,526:INFO:common:yaml file: D:\MLOPs\End to end NLP Project with HuggingFace and Transformers\params.yaml loaded successfully]
[2025-09-18 21:57:13,539:INFO:common:created directory at: artifacts]
[2025-09-18 21:57:13,548:INFO:common:created directory at: artifacts\model_trainer]
[2025-09-18 22:00:53,575:INFO:common:yaml file: D:\MLOPs\End to end NLP Project with HuggingFace and Transformers\config\config.yaml loaded successfully]
[2025-09-18 22:00:53,602:INFO:common:yaml file: D:\MLOPs\End to end NLP Project with HuggingFace and Transformers\params.yaml loaded successfully]
[2025-09-18 22:00:53,611:INFO:common:created directory at: artifacts]
[2025-09-18 22:00:53,723:INFO:common:yaml file: D:\MLOPs\End to end NLP Project with HuggingFace and Transformers\config\config.yaml loaded successfully]
[2025-09-18 22:00:53,728:INFO:common:yaml file: D:\MLOPs\End to end NLP Project with HuggingFace and Transformers\params.yaml loaded successfully]
[2025-09-18 22:00:53,730:INFO:common:created directory at: artifacts]
[2025-09-18 22:00:53,737:INFO:common:created directory at: artifacts\model_trainer]
[2025-09-18 22:06:08,256:INFO:common:yaml file: D:\MLOPs\End to end NLP Project with HuggingFace and Transformers\config\config.yaml loaded successfully]
[2025-09-18 22:06:08,314:INFO:common:yaml file: D:\MLOPs\End to end NLP Project with HuggingFace and Transformers\params.yaml loaded successfully]
[2025-09-18 22:06:08,328:INFO:common:created directory at: artifacts]
[2025-09-18 22:06:08,443:INFO:common:yaml file: D:\MLOPs\End to end NLP Project with HuggingFace and Transformers\config\config.yaml loaded successfully]
[2025-09-18 22:06:08,449:INFO:common:yaml file: D:\MLOPs\End to end NLP Project with HuggingFace and Transformers\params.yaml loaded successfully]
[2025-09-18 22:06:08,452:INFO:common:created directory at: artifacts]
[2025-09-18 22:06:08,461:INFO:common:created directory at: artifacts\model_trainer]
[2025-09-18 22:17:39,082:INFO:common:yaml file: D:\MLOPs\End to end NLP Project with HuggingFace and Transformers\config\config.yaml loaded successfully]
[2025-09-18 22:17:39,102:INFO:common:yaml file: D:\MLOPs\End to end NLP Project with HuggingFace and Transformers\params.yaml loaded successfully]
[2025-09-18 22:17:39,102:INFO:common:created directory at: artifacts]
[2025-09-18 22:17:39,102:INFO:common:created directory at: artifacts/data_ingestion]
[2025-09-18 22:17:39,102:INFO:3327954121:Fille already exist]
[2025-09-18 22:21:43,157:INFO:common:yaml file: D:\MLOPs\End to end NLP Project with HuggingFace and Transformers\config\config.yaml loaded successfully]
[2025-09-18 22:21:43,172:INFO:common:yaml file: D:\MLOPs\End to end NLP Project with HuggingFace and Transformers\params.yaml loaded successfully]
[2025-09-18 22:21:43,182:INFO:common:created directory at: artifacts]
[2025-09-18 22:21:43,199:INFO:common:created directory at: artifacts/data_ingestion]
[2025-09-18 22:21:43,201:INFO:3327954121:Fille already exist]
[2025-09-19 10:46:05,071:INFO:common:yaml file: D:\MLOPs\End to end NLP Project with HuggingFace and Transformers\config\config.yaml loaded successfully]
[2025-09-19 10:46:05,082:INFO:common:yaml file: D:\MLOPs\End to end NLP Project with HuggingFace and Transformers\params.yaml loaded successfully]
[2025-09-19 10:46:05,086:INFO:common:created directory at: artifacts]
[2025-09-19 10:46:05,150:INFO:common:yaml file: D:\MLOPs\End to end NLP Project with HuggingFace and Transformers\config\config.yaml loaded successfully]
[2025-09-19 10:46:05,157:INFO:common:yaml file: D:\MLOPs\End to end NLP Project with HuggingFace and Transformers\params.yaml loaded successfully]
[2025-09-19 10:46:05,157:INFO:common:created directory at: artifacts]
[2025-09-19 10:46:05,165:INFO:common:created directory at: artifacts\model_trainer]
[2025-09-19 10:47:43,539:INFO:common:yaml file: D:\MLOPs\End to end NLP Project with HuggingFace and Transformers\config\config.yaml loaded successfully]
[2025-09-19 10:47:43,565:INFO:common:yaml file: D:\MLOPs\End to end NLP Project with HuggingFace and Transformers\params.yaml loaded successfully]
[2025-09-19 10:47:43,573:INFO:common:created directory at: artifacts]
[2025-09-19 10:47:43,579:INFO:common:created directory at: artifacts\model_trainer]
[2025-09-19 10:51:09,802:INFO:common:yaml file: D:\MLOPs\End to end NLP Project with HuggingFace and Transformers\config\config.yaml loaded successfully]
[2025-09-19 10:51:09,843:INFO:common:yaml file: D:\MLOPs\End to end NLP Project with HuggingFace and Transformers\params.yaml loaded successfully]
[2025-09-19 10:51:09,854:INFO:common:created directory at: artifacts]
[2025-09-19 10:51:11,277:INFO:common:yaml file: D:\MLOPs\End to end NLP Project with HuggingFace and Transformers\config\config.yaml loaded successfully]
[2025-09-19 10:51:11,286:INFO:common:yaml file: D:\MLOPs\End to end NLP Project with HuggingFace and Transformers\params.yaml loaded successfully]
[2025-09-19 10:51:11,290:INFO:common:created directory at: artifacts]
[2025-09-19 10:51:11,298:INFO:common:created directory at: artifacts\model_trainer]
[2025-09-19 10:53:01,214:INFO:common:yaml file: D:\MLOPs\End to end NLP Project with HuggingFace and Transformers\config\config.yaml loaded successfully]
[2025-09-19 10:53:01,246:INFO:common:yaml file: D:\MLOPs\End to end NLP Project with HuggingFace and Transformers\params.yaml loaded successfully]
[2025-09-19 10:53:01,254:INFO:common:created directory at: artifacts]
[2025-09-19 10:53:02,301:INFO:common:yaml file: D:\MLOPs\End to end NLP Project with HuggingFace and Transformers\config\config.yaml loaded successfully]
[2025-09-19 10:53:02,311:INFO:common:yaml file: D:\MLOPs\End to end NLP Project with HuggingFace and Transformers\params.yaml loaded successfully]
[2025-09-19 10:53:02,315:INFO:common:created directory at: artifacts]
[2025-09-19 10:53:02,319:INFO:common:created directory at: artifacts\model_trainer]
[2025-09-19 10:54:44,635:INFO:common:yaml file: D:\MLOPs\End to end NLP Project with HuggingFace and Transformers\config\config.yaml loaded successfully]
[2025-09-19 10:54:44,657:INFO:common:yaml file: D:\MLOPs\End to end NLP Project with HuggingFace and Transformers\params.yaml loaded successfully]
[2025-09-19 10:54:44,663:INFO:common:created directory at: artifacts]
[2025-09-19 10:54:44,760:INFO:common:yaml file: D:\MLOPs\End to end NLP Project with HuggingFace and Transformers\config\config.yaml loaded successfully]
[2025-09-19 10:54:44,771:INFO:common:yaml file: D:\MLOPs\End to end NLP Project with HuggingFace and Transformers\params.yaml loaded successfully]
[2025-09-19 10:54:44,777:INFO:common:created directory at: artifacts]
[2025-09-19 10:54:44,782:INFO:common:created directory at: artifacts\model_trainer]
[2025-09-19 11:07:30,490:INFO:common:yaml file: D:\MLOPs\End to end NLP Project with HuggingFace and Transformers\config\config.yaml loaded successfully]
[2025-09-19 11:07:30,538:INFO:common:yaml file: D:\MLOPs\End to end NLP Project with HuggingFace and Transformers\params.yaml loaded successfully]
[2025-09-19 11:07:30,553:INFO:common:created directory at: artifacts]
[2025-09-19 11:07:30,690:INFO:common:yaml file: D:\MLOPs\End to end NLP Project with HuggingFace and Transformers\config\config.yaml loaded successfully]
[2025-09-19 11:07:30,702:INFO:common:yaml file: D:\MLOPs\End to end NLP Project with HuggingFace and Transformers\params.yaml loaded successfully]
[2025-09-19 11:07:30,706:INFO:common:created directory at: artifacts]
[2025-09-19 11:07:30,714:INFO:common:created directory at: artifacts\model_trainer]
[2025-09-19 11:10:29,606:INFO:common:yaml file: D:\MLOPs\End to end NLP Project with HuggingFace and Transformers\config\config.yaml loaded successfully]
[2025-09-19 11:10:29,632:INFO:common:yaml file: D:\MLOPs\End to end NLP Project with HuggingFace and Transformers\params.yaml loaded successfully]
[2025-09-19 11:10:29,641:INFO:common:created directory at: artifacts]
[2025-09-19 11:10:30,547:INFO:common:yaml file: D:\MLOPs\End to end NLP Project with HuggingFace and Transformers\config\config.yaml loaded successfully]
[2025-09-19 11:10:30,554:INFO:common:yaml file: D:\MLOPs\End to end NLP Project with HuggingFace and Transformers\params.yaml loaded successfully]
[2025-09-19 11:10:30,557:INFO:common:created directory at: artifacts]
[2025-09-19 11:10:30,562:INFO:common:created directory at: artifacts\model_trainer]
[2025-09-19 11:24:55,510:INFO:common:yaml file: D:\MLOPs\End to end NLP Project with HuggingFace and Transformers\config\config.yaml loaded successfully]
[2025-09-19 11:24:55,557:INFO:common:yaml file: D:\MLOPs\End to end NLP Project with HuggingFace and Transformers\params.yaml loaded successfully]
[2025-09-19 11:24:55,574:INFO:common:created directory at: artifacts]
[2025-09-19 11:24:55,732:INFO:common:yaml file: D:\MLOPs\End to end NLP Project with HuggingFace and Transformers\config\config.yaml loaded successfully]
[2025-09-19 11:24:55,740:INFO:common:yaml file: D:\MLOPs\End to end NLP Project with HuggingFace and Transformers\params.yaml loaded successfully]
[2025-09-19 11:24:55,748:INFO:common:created directory at: artifacts]
[2025-09-19 11:24:55,758:INFO:common:created directory at: artifacts\model_trainer]
[2025-09-19 11:25:54,435:INFO:common:yaml file: D:\MLOPs\End to end NLP Project with HuggingFace and Transformers\config\config.yaml loaded successfully]
[2025-09-19 11:25:54,450:INFO:common:yaml file: D:\MLOPs\End to end NLP Project with HuggingFace and Transformers\params.yaml loaded successfully]
[2025-09-19 11:25:54,453:INFO:common:created directory at: artifacts]
[2025-09-19 11:25:54,460:INFO:common:created directory at: artifacts/data_ingestion]
[2025-09-19 11:26:01,563:INFO:3327954121:File is Downloaded]
[2025-09-19 15:45:11,340:INFO:common:yaml file: D:\MLOPs\End to end NLP Project with HuggingFace and Transformers\config\config.yaml loaded successfully]
[2025-09-19 15:45:11,377:INFO:common:yaml file: D:\MLOPs\End to end NLP Project with HuggingFace and Transformers\params.yaml loaded successfully]
[2025-09-19 15:45:11,384:INFO:common:created directory at: artifacts]
[2025-09-19 15:45:11,487:INFO:common:yaml file: D:\MLOPs\End to end NLP Project with HuggingFace and Transformers\config\config.yaml loaded successfully]
[2025-09-19 15:45:11,500:INFO:common:yaml file: D:\MLOPs\End to end NLP Project with HuggingFace and Transformers\params.yaml loaded successfully]
[2025-09-19 15:45:11,500:INFO:common:created directory at: artifacts]
[2025-09-19 15:45:11,509:INFO:common:created directory at: artifacts\model_trainer]
[2025-09-19 15:55:45,934:INFO:common:yaml file: D:\MLOPs\End to end NLP Project with HuggingFace and Transformers\config\config.yaml loaded successfully]
[2025-09-19 15:55:46,008:INFO:common:yaml file: D:\MLOPs\End to end NLP Project with HuggingFace and Transformers\params.yaml loaded successfully]
[2025-09-19 15:55:46,036:INFO:common:created directory at: artifacts]
[2025-09-19 15:55:47,118:INFO:common:yaml file: D:\MLOPs\End to end NLP Project with HuggingFace and Transformers\config\config.yaml loaded successfully]
[2025-09-19 15:55:47,130:INFO:common:yaml file: D:\MLOPs\End to end NLP Project with HuggingFace and Transformers\params.yaml loaded successfully]
[2025-09-19 15:55:47,136:INFO:common:created directory at: artifacts]
[2025-09-19 15:55:47,146:INFO:common:created directory at: artifacts\model_trainer]
[2025-09-19 16:07:13,557:INFO:common:yaml file: D:\MLOPs\End to end NLP Project with HuggingFace and Transformers\config\config.yaml loaded successfully]
[2025-09-19 16:07:13,580:INFO:common:yaml file: D:\MLOPs\End to end NLP Project with HuggingFace and Transformers\params.yaml loaded successfully]
[2025-09-19 16:07:13,590:INFO:common:created directory at: artifacts]
[2025-09-19 16:07:13,683:INFO:common:yaml file: D:\MLOPs\End to end NLP Project with HuggingFace and Transformers\config\config.yaml loaded successfully]
[2025-09-19 16:07:13,700:INFO:common:yaml file: D:\MLOPs\End to end NLP Project with HuggingFace and Transformers\params.yaml loaded successfully]
[2025-09-19 16:07:13,705:INFO:common:created directory at: artifacts]
[2025-09-19 16:07:13,710:INFO:common:created directory at: artifacts\model_trainer]
[2025-09-19 20:09:04,712:INFO:common:yaml file: D:\MLOPs\End to end NLP Project with HuggingFace and Transformers\config\config.yaml loaded successfully]
[2025-09-19 20:09:04,724:INFO:common:yaml file: D:\MLOPs\End to end NLP Project with HuggingFace and Transformers\params.yaml loaded successfully]
[2025-09-19 20:09:04,726:INFO:common:created directory at: artifacts]
[2025-09-19 20:09:04,790:INFO:common:yaml file: D:\MLOPs\End to end NLP Project with HuggingFace and Transformers\config\config.yaml loaded successfully]
[2025-09-19 20:09:04,798:INFO:common:yaml file: D:\MLOPs\End to end NLP Project with HuggingFace and Transformers\params.yaml loaded successfully]
[2025-09-19 20:09:04,800:INFO:common:created directory at: artifacts]
[2025-09-19 20:09:04,805:INFO:common:created directory at: artifacts\model_trainer]
